

Started GET "/" for ::1 at 2015-07-03 10:02:23 -0300
Processing by Rails::WelcomeController#index as HTML
  Rendered /Users/Ricardo/.rbenv/versions/2.2.2/lib/ruby/gems/2.2.0/gems/railties-4.2.1/lib/rails/templates/rails/welcome/index.html.erb (2.6ms)
Completed 200 OK in 65ms (Views: 46.1ms | ActiveRecord: 0.0ms)


Started GET "/" for ::1 at 2015-07-03 10:09:23 -0300
Processing by Rails::WelcomeController#index as HTML
  Rendered /Users/Ricardo/.rbenv/versions/2.2.2/lib/ruby/gems/2.2.0/gems/railties-4.2.1/lib/rails/templates/rails/welcome/index.html.erb (2.5ms)
Completed 200 OK in 109ms (Views: 66.9ms | ActiveRecord: 0.0ms)


Started GET "/" for ::1 at 2015-07-03 15:02:09 -0300
Processing by Rails::WelcomeController#index as HTML
  Rendered /Users/Ricardo/.rbenv/versions/2.2.2/lib/ruby/gems/2.2.0/gems/railties-4.2.1/lib/rails/templates/rails/welcome/index.html.erb (2.5ms)
Completed 200 OK in 64ms (Views: 53.9ms | ActiveRecord: 0.0ms)


Started GET "/" for ::1 at 2015-07-03 18:04:48 -0300
Processing by Rails::WelcomeController#index as HTML
  Rendered /Users/Ricardo/.rbenv/versions/2.2.2/lib/ruby/gems/2.2.0/gems/railties-4.2.1/lib/rails/templates/rails/welcome/index.html.erb (2.5ms)
Completed 200 OK in 65ms (Views: 53.6ms | ActiveRecord: 0.0ms)


Started GET "/" for ::1 at 2015-07-03 21:46:49 -0300
Processing by Rails::WelcomeController#index as HTML
  Rendered /Users/Ricardo/.rbenv/versions/2.2.2/lib/ruby/gems/2.2.0/gems/railties-4.2.1/lib/rails/templates/rails/welcome/index.html.erb (2.4ms)
Completed 200 OK in 76ms (Views: 44.9ms | ActiveRecord: 0.0ms)


Started GET "/rails/info/properties" for ::1 at 2015-07-03 21:47:02 -0300
Processing by Rails::InfoController#properties as HTML
  Rendered /Users/Ricardo/.rbenv/versions/2.2.2/lib/ruby/gems/2.2.0/gems/railties-4.2.1/lib/rails/templates/rails/info/properties.html.erb (0.5ms)
Completed 200 OK in 207ms (Views: 50.9ms | ActiveRecord: 69.4ms)


Started GET "/" for ::1 at 2015-07-04 22:32:04 -0400
Processing by Rails::WelcomeController#index as HTML
  Rendered /Users/Ricardo/.rbenv/versions/2.2.2/lib/ruby/gems/2.2.0/gems/railties-4.2.1/lib/rails/templates/rails/welcome/index.html.erb (2.5ms)
Completed 200 OK in 75ms (Views: 45.1ms | ActiveRecord: 0.0ms)


Started GET "/" for 127.0.0.1 at 2015-07-05 00:18:39 -0400
Processing by Rails::WelcomeController#index as HTML
  Rendered /Users/Ricardo/.rbenv/versions/2.2.2/lib/ruby/gems/2.2.0/gems/railties-4.2.1/lib/rails/templates/rails/welcome/index.html.erb (1.9ms)
Completed 200 OK in 58ms (Views: 48.3ms | ActiveRecord: 0.0ms)
